2022-11-07 16:08:01.134 ERROR 34880 --- [restartedMain] o.s.boot.SpringApplication               : Application run failed

java.lang.IllegalStateException: java.lang.IllegalStateException: zookeeper not connected
	at org.apache.dubbo.config.deploy.DefaultApplicationDeployer.prepareEnvironment(DefaultApplicationDeployer.java:678)
	at org.apache.dubbo.config.deploy.DefaultApplicationDeployer.startConfigCenter(DefaultApplicationDeployer.java:261)
	at org.apache.dubbo.config.deploy.DefaultApplicationDeployer.initialize(DefaultApplicationDeployer.java:185)
	at org.apache.dubbo.config.deploy.DefaultModuleDeployer.prepare(DefaultModuleDeployer.java:470)
	at org.apache.dubbo.config.spring.context.DubboConfigApplicationListener.initDubboConfigBeans(DubboConfigApplicationListener.java:71)
	at org.apache.dubbo.config.spring.context.DubboConfigApplicationListener.onApplicationEvent(DubboConfigApplicationListener.java:57)
	at org.apache.dubbo.config.spring.context.DubboConfigApplicationListener.onApplicationEvent(DubboConfigApplicationListener.java:35)
	at org.springframework.context.event.SimpleApplicationEventMulticaster.doInvokeListener(SimpleApplicationEventMulticaster.java:176)
	at org.springframework.context.event.SimpleApplicationEventMulticaster.invokeListener(SimpleApplicationEventMulticaster.java:169)
	at org.springframework.context.event.SimpleApplicationEventMulticaster.multicastEvent(SimpleApplicationEventMulticaster.java:143)
	at org.springframework.context.event.SimpleApplicationEventMulticaster.multicastEvent(SimpleApplicationEventMulticaster.java:131)
	at org.springframework.context.support.AbstractApplicationContext.registerListeners(AbstractApplicationContext.java:881)
	at org.springframework.context.support.AbstractApplicationContext.refresh(AbstractApplicationContext.java:580)
	at org.springframework.boot.web.servlet.context.ServletWebServerApplicationContext.refresh(ServletWebServerApplicationContext.java:147)
	at org.springframework.boot.SpringApplication.refresh(SpringApplication.java:734)
	at org.springframework.boot.SpringApplication.refreshContext(SpringApplication.java:408)
	at org.springframework.boot.SpringApplication.run(SpringApplication.java:308)
	at org.springframework.boot.SpringApplication.run(SpringApplication.java:1306)
	at org.springframework.boot.SpringApplication.run(SpringApplication.java:1295)
	at com.huhuhux.ShServiceProviderApplication.main(ShServiceProviderApplication.java:12)
	at java.base/jdk.internal.reflect.NativeMethodAccessorImpl.invoke0(Native Method)
	at java.base/jdk.internal.reflect.NativeMethodAccessorImpl.invoke(NativeMethodAccessorImpl.java:77)
	at java.base/jdk.internal.reflect.DelegatingMethodAccessorImpl.invoke(DelegatingMethodAccessorImpl.java:43)
	at java.base/java.lang.reflect.Method.invoke(Method.java:568)
	at org.springframework.boot.devtools.restart.RestartLauncher.run(RestartLauncher.java:49)
Caused by: java.lang.IllegalStateException: zookeeper not connected
	at org.apache.dubbo.remoting.zookeeper.curator5.Curator5ZookeeperClient.<init>(Curator5ZookeeperClient.java:87)
	at org.apache.dubbo.remoting.zookeeper.curator5.Curator5ZookeeperTransporter.createZookeeperClient(Curator5ZookeeperTransporter.java:27)
	at org.apache.dubbo.remoting.zookeeper.AbstractZookeeperTransporter.connect(AbstractZookeeperTransporter.java:69)
	at org.apache.dubbo.configcenter.support.zookeeper.ZookeeperDynamicConfiguration.<init>(ZookeeperDynamicConfiguration.java:63)
	at org.apache.dubbo.configcenter.support.zookeeper.ZookeeperDynamicConfigurationFactory.createDynamicConfiguration(ZookeeperDynamicConfigurationFactory.java:47)
	at org.apache.dubbo.common.config.configcenter.AbstractDynamicConfigurationFactory.lambda$getDynamicConfiguration$0(AbstractDynamicConfigurationFactory.java:39)
	at java.base/java.util.concurrent.ConcurrentHashMap.computeIfAbsent(ConcurrentHashMap.java:1708)
	at org.apache.dubbo.common.config.configcenter.AbstractDynamicConfigurationFactory.getDynamicConfiguration(AbstractDynamicConfigurationFactory.java:39)
	at org.apache.dubbo.config.deploy.DefaultApplicationDeployer.getDynamicConfiguration(DefaultApplicationDeployer.java:715)
	at org.apache.dubbo.config.deploy.DefaultApplicationDeployer.prepareEnvironment(DefaultApplicationDeployer.java:671)
	... 24 common frames omitted
Caused by: java.lang.IllegalStateException: zookeeper not connected
	at org.apache.dubbo.remoting.zookeeper.curator5.Curator5ZookeeperClient.<init>(Curator5ZookeeperClient.java:84)
	... 33 common frames omitted

2022-11-07 16:09:21.186 ERROR 39248 --- [restartedMain] c.b.m.core.MybatisConfiguration          : mapper[com.huhuhux.mapper.OrderSettingMapper.updateNumberByDate] is ignored, because it exists, maybe from xml file
